c:\users\user\source\repos\tetris\tetris\debug\vc142.pdb
c:\users\user\source\repos\tetris\tetris\debug\vc142.idb
c:\users\user\source\repos\tetris\tetris\debug\tetris.obj
c:\users\user\source\repos\tetris\tetris\debug\playerstats.obj
c:\users\user\source\repos\tetris\tetris\debug\multiplayer.obj
c:\users\user\source\repos\tetris\tetris\debug\displayhelper.obj
c:\users\user\source\repos\tetris\tetris\debug\blocks.obj
c:\users\user\source\repos\tetris\tetris\debug\leaderboards.obj
c:\users\user\source\repos\tetris\tetris\debug\tree.obj
c:\users\user\source\repos\tetris\debug\tetris.exe
c:\users\user\source\repos\tetris\debug\tetris.ilk
c:\users\user\source\repos\tetris\debug\tetris.pdb
c:\users\user\source\repos\tetris\tetris\debug\vcpkg.applocal.log
c:\users\user\source\repos\tetris\tetris\debug\tetris.tlog\cl.command.1.tlog
c:\users\user\source\repos\tetris\tetris\debug\tetris.tlog\cl.read.1.tlog
c:\users\user\source\repos\tetris\tetris\debug\tetris.tlog\cl.write.1.tlog
c:\users\user\source\repos\tetris\tetris\debug\tetris.tlog\link.command.1.tlog
c:\users\user\source\repos\tetris\tetris\debug\tetris.tlog\link.read.1.tlog
c:\users\user\source\repos\tetris\tetris\debug\tetris.tlog\link.write.1.tlog
c:\users\user\source\repos\tetris\tetris\debug\tetris.tlog\tetris.write.1u.tlog
