  Tree.cpp
  Blocks.cpp
  DisplayHelper.cpp
C:\Users\User\source\repos\Tetris\Tetris\PlayerStats.h(28,13): warning C4244:  'argument': conversion from 'time_t' to 'unsigned int', possible loss of data
  Leaderboards.cpp
C:\Users\User\source\repos\Tetris\Tetris\DisplayHelper.h(239,13): warning C4244:  'argument': conversion from 'time_t' to 'unsigned int', possible loss of data
C:\Users\User\source\repos\Tetris\Tetris\PlayerStats.h(28,13): warning C4244:  'argument': conversion from 'time_t' to 'unsigned int', possible loss of data
C:\Users\User\source\repos\Tetris\Tetris\Leaderboards.h(97,17): warning C4018:  '<': signed/unsigned mismatch
C:\Users\User\source\repos\Tetris\Tetris\Leaderboards.h(161,22): warning C4018:  '<': signed/unsigned mismatch
C:\Users\User\source\repos\Tetris\Tetris\Leaderboards.cpp(29,20): warning C4018:  '<': signed/unsigned mismatch
C:\Users\User\source\repos\Tetris\Tetris\Leaderboards.cpp(68,14): warning C4018:  '<': signed/unsigned mismatch
  Multiplayer.cpp
C:\Users\User\source\repos\Tetris\Tetris\Leaderboards.cpp(90,15): warning C4018:  '<': signed/unsigned mismatch
C:\Users\User\source\repos\Tetris\Tetris\PlayerStats.h(28,13): warning C4244:  'argument': conversion from 'time_t' to 'unsigned int', possible loss of data
C:\Users\User\source\repos\Tetris\Tetris\DisplayHelper.h(239,13): warning C4244:  'argument': conversion from 'time_t' to 'unsigned int', possible loss of data
C:\Users\User\source\repos\Tetris\Tetris\Leaderboards.h(97,17): warning C4018:  '<': signed/unsigned mismatch
C:\Users\User\source\repos\Tetris\Tetris\Leaderboards.h(161,22): warning C4018:  '<': signed/unsigned mismatch
C:\Program Files (x86)\Microsoft Visual Studio\2019\Community\VC\Tools\MSVC\14.21.27702\include\xstring(2308,23): warning C4244:  'argument': conversion from 'wchar_t' to 'const _Elem', possible loss of data
C:\Program Files (x86)\Microsoft Visual Studio\2019\Community\VC\Tools\MSVC\14.21.27702\include\xstring(2308,23): warning C4244:         with
C:\Program Files (x86)\Microsoft Visual Studio\2019\Community\VC\Tools\MSVC\14.21.27702\include\xstring(2308,23): warning C4244:         [
C:\Program Files (x86)\Microsoft Visual Studio\2019\Community\VC\Tools\MSVC\14.21.27702\include\xstring(2308,23): warning C4244:             _Elem=char
C:\Program Files (x86)\Microsoft Visual Studio\2019\Community\VC\Tools\MSVC\14.21.27702\include\xstring(2308,23): warning C4244:         ]
C:\Program Files (x86)\Microsoft Visual Studio\2019\Community\VC\Tools\MSVC\14.21.27702\include\xstring(2319): message :  see reference to function template instantiation 'void std::basic_string<char,std::char_traits<char>,std::allocator<char>>::_Construct<wchar_t*>(_Iter,const _Iter,std::input_iterator_tag)' being compiled
C:\Program Files (x86)\Microsoft Visual Studio\2019\Community\VC\Tools\MSVC\14.21.27702\include\xstring(2319): message :         with
C:\Program Files (x86)\Microsoft Visual Studio\2019\Community\VC\Tools\MSVC\14.21.27702\include\xstring(2319): message :         [
C:\Program Files (x86)\Microsoft Visual Studio\2019\Community\VC\Tools\MSVC\14.21.27702\include\xstring(2319): message :             _Iter=wchar_t *
C:\Program Files (x86)\Microsoft Visual Studio\2019\Community\VC\Tools\MSVC\14.21.27702\include\xstring(2319): message :         ]
C:\Program Files (x86)\Microsoft Visual Studio\2019\Community\VC\Tools\MSVC\14.21.27702\include\xstring(2319): message :  see reference to function template instantiation 'void std::basic_string<char,std::char_traits<char>,std::allocator<char>>::_Construct<wchar_t*>(_Iter,const _Iter,std::input_iterator_tag)' being compiled
C:\Program Files (x86)\Microsoft Visual Studio\2019\Community\VC\Tools\MSVC\14.21.27702\include\xstring(2319): message :         with
C:\Program Files (x86)\Microsoft Visual Studio\2019\Community\VC\Tools\MSVC\14.21.27702\include\xstring(2319): message :         [
C:\Program Files (x86)\Microsoft Visual Studio\2019\Community\VC\Tools\MSVC\14.21.27702\include\xstring(2319): message :             _Iter=wchar_t *
C:\Program Files (x86)\Microsoft Visual Studio\2019\Community\VC\Tools\MSVC\14.21.27702\include\xstring(2319): message :         ]
C:\Program Files (x86)\Microsoft Visual Studio\2019\Community\VC\Tools\MSVC\14.21.27702\include\xstring(2299): message :  see reference to function template instantiation 'void std::basic_string<char,std::char_traits<char>,std::allocator<char>>::_Construct<wchar_t*>(const _Iter,const _Iter,std::forward_iterator_tag)' being compiled
C:\Program Files (x86)\Microsoft Visual Studio\2019\Community\VC\Tools\MSVC\14.21.27702\include\xstring(2299): message :         with
C:\Program Files (x86)\Microsoft Visual Studio\2019\Community\VC\Tools\MSVC\14.21.27702\include\xstring(2299): message :         [
C:\Program Files (x86)\Microsoft Visual Studio\2019\Community\VC\Tools\MSVC\14.21.27702\include\xstring(2299): message :             _Iter=wchar_t *
C:\Program Files (x86)\Microsoft Visual Studio\2019\Community\VC\Tools\MSVC\14.21.27702\include\xstring(2299): message :         ]
C:\Program Files (x86)\Microsoft Visual Studio\2019\Community\VC\Tools\MSVC\14.21.27702\include\xstring(2299): message :  see reference to function template instantiation 'void std::basic_string<char,std::char_traits<char>,std::allocator<char>>::_Construct<wchar_t*>(const _Iter,const _Iter,std::forward_iterator_tag)' being compiled
C:\Program Files (x86)\Microsoft Visual Studio\2019\Community\VC\Tools\MSVC\14.21.27702\include\xstring(2299): message :         with
C:\Program Files (x86)\Microsoft Visual Studio\2019\Community\VC\Tools\MSVC\14.21.27702\include\xstring(2299): message :         [
C:\Program Files (x86)\Microsoft Visual Studio\2019\Community\VC\Tools\MSVC\14.21.27702\include\xstring(2299): message :             _Iter=wchar_t *
C:\Program Files (x86)\Microsoft Visual Studio\2019\Community\VC\Tools\MSVC\14.21.27702\include\xstring(2299): message :         ]
C:\Users\User\source\repos\Tetris\Tetris\Multiplayer.cpp(307): message :  see reference to function template instantiation 'std::basic_string<char,std::char_traits<char>,std::allocator<char>>::basic_string<std::_String_iterator<std::_String_val<std::_Simple_types<_Elem>>>,void>(_Iter,_Iter,const _Alloc &)' being compiled
C:\Users\User\source\repos\Tetris\Tetris\Multiplayer.cpp(307): message :         with
C:\Users\User\source\repos\Tetris\Tetris\Multiplayer.cpp(307): message :         [
C:\Users\User\source\repos\Tetris\Tetris\Multiplayer.cpp(307): message :             _Elem=wchar_t,
C:\Users\User\source\repos\Tetris\Tetris\Multiplayer.cpp(307): message :             _Iter=std::_String_iterator<std::_String_val<std::_Simple_types<wchar_t>>>,
C:\Users\User\source\repos\Tetris\Tetris\Multiplayer.cpp(307): message :             _Alloc=std::allocator<char>
C:\Users\User\source\repos\Tetris\Tetris\Multiplayer.cpp(307): message :         ]
C:\Users\User\source\repos\Tetris\Tetris\Multiplayer.cpp(307): message :  see reference to function template instantiation 'std::basic_string<char,std::char_traits<char>,std::allocator<char>>::basic_string<std::_String_iterator<std::_String_val<std::_Simple_types<_Elem>>>,void>(_Iter,_Iter,const _Alloc &)' being compiled
C:\Users\User\source\repos\Tetris\Tetris\Multiplayer.cpp(307): message :         with
C:\Users\User\source\repos\Tetris\Tetris\Multiplayer.cpp(307): message :         [
C:\Users\User\source\repos\Tetris\Tetris\Multiplayer.cpp(307): message :             _Elem=wchar_t,
C:\Users\User\source\repos\Tetris\Tetris\Multiplayer.cpp(307): message :             _Iter=std::_String_iterator<std::_String_val<std::_Simple_types<wchar_t>>>,
C:\Users\User\source\repos\Tetris\Tetris\Multiplayer.cpp(307): message :             _Alloc=std::allocator<char>
C:\Users\User\source\repos\Tetris\Tetris\Multiplayer.cpp(307): message :         ]
C:\Program Files (x86)\Microsoft Visual Studio\2019\Community\VC\Tools\MSVC\14.21.27702\include\chrono(595): message :  see reference to class template instantiation 'std::chrono::duration<double,std::ratio<1,1>>' being compiled
C:\Program Files (x86)\Microsoft Visual Studio\2019\Community\VC\Tools\MSVC\14.21.27702\include\chrono(172): message :  see reference to class template instantiation 'std::chrono::duration<__int64,std::nano>' being compiled
  PlayerStats.cpp
C:\Program Files (x86)\Microsoft Visual Studio\2019\Community\VC\Tools\MSVC\14.21.27702\include\chrono(574): message :  see reference to class template instantiation 'std::chrono::time_point<std::chrono::steady_clock,std::chrono::steady_clock::duration>' being compiled
  Tetris.cpp
C:\Users\User\source\repos\Tetris\Tetris\PlayerStats.h(28,13): warning C4244:  'argument': conversion from 'time_t' to 'unsigned int', possible loss of data
C:\Users\User\source\repos\Tetris\Tetris\PlayerStats.h(28,13): warning C4244:  'argument': conversion from 'time_t' to 'unsigned int', possible loss of data
C:\Users\User\source\repos\Tetris\Tetris\Leaderboards.h(97,17): warning C4018:  '<': signed/unsigned mismatch
C:\Users\User\source\repos\Tetris\Tetris\Leaderboards.h(161,22): warning C4018:  '<': signed/unsigned mismatch
  Generating Code...
C:\Users\User\source\repos\Tetris\Tetris\DisplayHelper.h(239,13): warning C4244:  'argument': conversion from 'time_t' to 'unsigned int', possible loss of data
C:\Users\User\source\repos\Tetris\Tetris\DisplayHelper.h(239,13): warning C4244: C:\Users\User\source\repos\Tetris\Tetris\PlayerStats.h(64) : warning C4172: returning address of local variable or temporary: KD
C:\Users\User\source\repos\Tetris\Tetris\DisplayHelper.h(239,13): warning C4244: C:\Users\User\source\repos\Tetris\Tetris\PlayerStats.h(64) : warning C4172: returning address of local variable or temporary: KD
C:\Users\User\source\repos\Tetris\Tetris\DisplayHelper.h(239,13): warning C4244: C:\Users\User\source\repos\Tetris\Tetris\Tree.h(102) : warning C4715: 'Tree::_searchBinTree': not all control paths return a value
  Tetris.vcxproj -> C:\Users\User\source\repos\Tetris\Debug\Tetris.exe
