c:\users\user\source\repos\tetris\tetris\release\vc142.pdb
c:\users\user\source\repos\tetris\tetris\release\tetris.obj
c:\users\user\source\repos\tetris\tetris\release\playerstats.obj
c:\users\user\source\repos\tetris\tetris\release\multiplayer.obj
c:\users\user\source\repos\tetris\tetris\release\leaderboards.obj
c:\users\user\source\repos\tetris\tetris\release\displayhelper.obj
c:\users\user\source\repos\tetris\tetris\release\blocks.obj
c:\users\user\source\repos\tetris\tetris\release\tree.obj
c:\users\user\source\repos\tetris\release\tetris.exe
c:\users\user\source\repos\tetris\release\tetris.pdb
c:\users\user\source\repos\tetris\release\tetris.ipdb
c:\users\user\source\repos\tetris\release\tetris.iobj
c:\users\user\source\repos\tetris\tetris\release\vcpkg.applocal.log
c:\users\user\source\repos\tetris\tetris\release\tetris.tlog\cl.command.1.tlog
c:\users\user\source\repos\tetris\tetris\release\tetris.tlog\cl.read.1.tlog
c:\users\user\source\repos\tetris\tetris\release\tetris.tlog\cl.write.1.tlog
c:\users\user\source\repos\tetris\tetris\release\tetris.tlog\link.command.1.tlog
c:\users\user\source\repos\tetris\tetris\release\tetris.tlog\link.delete.1.tlog
c:\users\user\source\repos\tetris\tetris\release\tetris.tlog\link.read.1.tlog
c:\users\user\source\repos\tetris\tetris\release\tetris.tlog\link.write.1.tlog
c:\users\user\source\repos\tetris\tetris\release\tetris.tlog\tetris.write.1u.tlog
