  Tree.cpp
C:\Users\User\source\repos\TetrisC-\Tetris\PlayerStats.h(28,13): warning C4244:  'argument': conversion from 'time_t' to 'unsigned int', possible loss of data
  Blocks.cpp
  DisplayHelper.cpp
C:\Users\User\source\repos\TetrisC-\Tetris\Tree.h(65,1): warning C4267:  '=': conversion from 'size_t' to 'int', possible loss of data
  Leaderboards.cpp
C:\Users\User\source\repos\TetrisC-\Tetris\DisplayHelper.h(239,13): warning C4244:  'argument': conversion from 'time_t' to 'unsigned int', possible loss of data
C:\Users\User\source\repos\TetrisC-\Tetris\PlayerStats.h(28,13): warning C4244:  'argument': conversion from 'time_t' to 'unsigned int', possible loss of data
C:\Users\User\source\repos\TetrisC-\Tetris\Tree.h(65,1): warning C4267:  '=': conversion from 'size_t' to 'int', possible loss of data
C:\Users\User\source\repos\TetrisC-\Tetris\Leaderboards.h(20,1): warning C4267:  'initializing': conversion from 'size_t' to 'int', possible loss of data
C:\Users\User\source\repos\TetrisC-\Tetris\Leaderboards.h(80,1): warning C4267:  'initializing': conversion from 'size_t' to 'int', possible loss of data
C:\Users\User\source\repos\TetrisC-\Tetris\Leaderboards.h(128,1): error C4996:  'fopen': This function or variable may be unsafe. Consider using fopen_s instead. To disable deprecation, use _CRT_SECURE_NO_WARNINGS. See online help for details.
C:\Program Files (x86)\Windows Kits\10\Include\10.0.17763.0\ucrt\stdio.h(208): message :  see declaration of 'fopen'
C:\Users\User\source\repos\TetrisC-\Tetris\Leaderboards.h(173,1): warning C4267:  'argument': conversion from 'size_t' to 'int', possible loss of data
C:\Users\User\source\repos\TetrisC-\Tetris\Leaderboards.h(150,1): error C4996:  'fopen': This function or variable may be unsafe. Consider using fopen_s instead. To disable deprecation, use _CRT_SECURE_NO_WARNINGS. See online help for details.
C:\Program Files (x86)\Windows Kits\10\Include\10.0.17763.0\ucrt\stdio.h(208): message :  see declaration of 'fopen'
  Multiplayer.cpp
C:\Users\User\source\repos\TetrisC-\Tetris\Leaderboards.cpp(57,53): warning C4267:  'initializing': conversion from 'size_t' to 'int', possible loss of data
C:\Users\User\source\repos\TetrisC-\Tetris\PlayerStats.h(28,13): warning C4244:  'argument': conversion from 'time_t' to 'unsigned int', possible loss of data
C:\Users\User\source\repos\TetrisC-\Tetris\DisplayHelper.h(239,13): warning C4244:  'argument': conversion from 'time_t' to 'unsigned int', possible loss of data
C:\Users\User\source\repos\TetrisC-\Tetris\Tree.h(65,1): warning C4267:  '=': conversion from 'size_t' to 'int', possible loss of data
C:\Users\User\source\repos\TetrisC-\Tetris\Leaderboards.h(20,1): warning C4267:  'initializing': conversion from 'size_t' to 'int', possible loss of data
C:\Users\User\source\repos\TetrisC-\Tetris\Leaderboards.h(80,1): warning C4267:  'initializing': conversion from 'size_t' to 'int', possible loss of data
C:\Users\User\source\repos\TetrisC-\Tetris\Leaderboards.h(128,1): error C4996:  'fopen': This function or variable may be unsafe. Consider using fopen_s instead. To disable deprecation, use _CRT_SECURE_NO_WARNINGS. See online help for details.
C:\Program Files (x86)\Windows Kits\10\Include\10.0.17763.0\ucrt\stdio.h(208): message :  see declaration of 'fopen'
C:\Users\User\source\repos\TetrisC-\Tetris\Leaderboards.h(173,1): warning C4267:  'argument': conversion from 'size_t' to 'int', possible loss of data
C:\Users\User\source\repos\TetrisC-\Tetris\Leaderboards.h(150,1): error C4996:  'fopen': This function or variable may be unsafe. Consider using fopen_s instead. To disable deprecation, use _CRT_SECURE_NO_WARNINGS. See online help for details.
C:\Program Files (x86)\Windows Kits\10\Include\10.0.17763.0\ucrt\stdio.h(208): message :  see declaration of 'fopen'
C:\Users\User\source\repos\TetrisC-\Tetris\Multiplayer.cpp(125,1): error C4996:  'fopen': This function or variable may be unsafe. Consider using fopen_s instead. To disable deprecation, use _CRT_SECURE_NO_WARNINGS. See online help for details.
C:\Program Files (x86)\Windows Kits\10\Include\10.0.17763.0\ucrt\stdio.h(208): message :  see declaration of 'fopen'
C:\Users\User\source\repos\TetrisC-\Tetris\Multiplayer.cpp(126,1): error C4996:  'fopen': This function or variable may be unsafe. Consider using fopen_s instead. To disable deprecation, use _CRT_SECURE_NO_WARNINGS. See online help for details.
C:\Program Files (x86)\Windows Kits\10\Include\10.0.17763.0\ucrt\stdio.h(208): message :  see declaration of 'fopen'
C:\Users\User\source\repos\TetrisC-\Tetris\Multiplayer.cpp(129,1): error C4996:  'fopen': This function or variable may be unsafe. Consider using fopen_s instead. To disable deprecation, use _CRT_SECURE_NO_WARNINGS. See online help for details.
C:\Program Files (x86)\Windows Kits\10\Include\10.0.17763.0\ucrt\stdio.h(208): message :  see declaration of 'fopen'
C:\Users\User\source\repos\TetrisC-\Tetris\Multiplayer.cpp(130,1): error C4996:  'fopen': This function or variable may be unsafe. Consider using fopen_s instead. To disable deprecation, use _CRT_SECURE_NO_WARNINGS. See online help for details.
C:\Program Files (x86)\Windows Kits\10\Include\10.0.17763.0\ucrt\stdio.h(208): message :  see declaration of 'fopen'
C:\Users\User\source\repos\TetrisC-\Tetris\Multiplayer.cpp(252,1): error C4996:  'getenv': This function or variable may be unsafe. Consider using _dupenv_s instead. To disable deprecation, use _CRT_SECURE_NO_WARNINGS. See online help for details.
C:\Program Files (x86)\Windows Kits\10\Include\10.0.17763.0\ucrt\stdlib.h(1191): message :  see declaration of 'getenv'
C:\Users\User\source\repos\TetrisC-\Tetris\Multiplayer.cpp(255,1): error C4996:  'fopen': This function or variable may be unsafe. Consider using fopen_s instead. To disable deprecation, use _CRT_SECURE_NO_WARNINGS. See online help for details.
C:\Program Files (x86)\Windows Kits\10\Include\10.0.17763.0\ucrt\stdio.h(208): message :  see declaration of 'fopen'
C:\Users\User\source\repos\TetrisC-\Tetris\Multiplayer.cpp(358,1): error C4996:  'fopen': This function or variable may be unsafe. Consider using fopen_s instead. To disable deprecation, use _CRT_SECURE_NO_WARNINGS. See online help for details.
C:\Program Files (x86)\Windows Kits\10\Include\10.0.17763.0\ucrt\stdio.h(208): message :  see declaration of 'fopen'
C:\Users\User\source\repos\TetrisC-\Tetris\Multiplayer.cpp(383,1): error C4996:  'fopen': This function or variable may be unsafe. Consider using fopen_s instead. To disable deprecation, use _CRT_SECURE_NO_WARNINGS. See online help for details.
C:\Program Files (x86)\Windows Kits\10\Include\10.0.17763.0\ucrt\stdio.h(208): message :  see declaration of 'fopen'
C:\Users\User\source\repos\TetrisC-\Tetris\Multiplayer.cpp(414,1): error C4996:  'fopen': This function or variable may be unsafe. Consider using fopen_s instead. To disable deprecation, use _CRT_SECURE_NO_WARNINGS. See online help for details.
C:\Program Files (x86)\Windows Kits\10\Include\10.0.17763.0\ucrt\stdio.h(208): message :  see declaration of 'fopen'
C:\Users\User\source\repos\TetrisC-\Tetris\Multiplayer.cpp(421,1): error C4996:  'fopen': This function or variable may be unsafe. Consider using fopen_s instead. To disable deprecation, use _CRT_SECURE_NO_WARNINGS. See online help for details.
C:\Program Files (x86)\Windows Kits\10\Include\10.0.17763.0\ucrt\stdio.h(208): message :  see declaration of 'fopen'
C:\Program Files (x86)\Microsoft Visual Studio\2019\Community\VC\Tools\MSVC\14.21.27702\include\xstring(2308,23): warning C4244:  'argument': conversion from 'wchar_t' to 'const _Elem', possible loss of data
C:\Program Files (x86)\Microsoft Visual Studio\2019\Community\VC\Tools\MSVC\14.21.27702\include\xstring(2308,23): warning C4244:         with
C:\Program Files (x86)\Microsoft Visual Studio\2019\Community\VC\Tools\MSVC\14.21.27702\include\xstring(2308,23): warning C4244:         [
C:\Program Files (x86)\Microsoft Visual Studio\2019\Community\VC\Tools\MSVC\14.21.27702\include\xstring(2308,23): warning C4244:             _Elem=char
C:\Program Files (x86)\Microsoft Visual Studio\2019\Community\VC\Tools\MSVC\14.21.27702\include\xstring(2308,23): warning C4244:         ]
C:\Program Files (x86)\Microsoft Visual Studio\2019\Community\VC\Tools\MSVC\14.21.27702\include\xstring(2319): message :  see reference to function template instantiation 'void std::basic_string<char,std::char_traits<char>,std::allocator<char>>::_Construct<wchar_t*>(_Iter,const _Iter,std::input_iterator_tag)' being compiled
C:\Program Files (x86)\Microsoft Visual Studio\2019\Community\VC\Tools\MSVC\14.21.27702\include\xstring(2319): message :         with
C:\Program Files (x86)\Microsoft Visual Studio\2019\Community\VC\Tools\MSVC\14.21.27702\include\xstring(2319): message :         [
C:\Program Files (x86)\Microsoft Visual Studio\2019\Community\VC\Tools\MSVC\14.21.27702\include\xstring(2319): message :             _Iter=wchar_t *
C:\Program Files (x86)\Microsoft Visual Studio\2019\Community\VC\Tools\MSVC\14.21.27702\include\xstring(2319): message :         ]
C:\Program Files (x86)\Microsoft Visual Studio\2019\Community\VC\Tools\MSVC\14.21.27702\include\xstring(2319): message :  see reference to function template instantiation 'void std::basic_string<char,std::char_traits<char>,std::allocator<char>>::_Construct<wchar_t*>(_Iter,const _Iter,std::input_iterator_tag)' being compiled
C:\Program Files (x86)\Microsoft Visual Studio\2019\Community\VC\Tools\MSVC\14.21.27702\include\xstring(2319): message :         with
C:\Program Files (x86)\Microsoft Visual Studio\2019\Community\VC\Tools\MSVC\14.21.27702\include\xstring(2319): message :         [
C:\Program Files (x86)\Microsoft Visual Studio\2019\Community\VC\Tools\MSVC\14.21.27702\include\xstring(2319): message :             _Iter=wchar_t *
C:\Program Files (x86)\Microsoft Visual Studio\2019\Community\VC\Tools\MSVC\14.21.27702\include\xstring(2319): message :         ]
C:\Program Files (x86)\Microsoft Visual Studio\2019\Community\VC\Tools\MSVC\14.21.27702\include\xstring(2299): message :  see reference to function template instantiation 'void std::basic_string<char,std::char_traits<char>,std::allocator<char>>::_Construct<wchar_t*>(const _Iter,const _Iter,std::forward_iterator_tag)' being compiled
C:\Program Files (x86)\Microsoft Visual Studio\2019\Community\VC\Tools\MSVC\14.21.27702\include\xstring(2299): message :         with
C:\Program Files (x86)\Microsoft Visual Studio\2019\Community\VC\Tools\MSVC\14.21.27702\include\xstring(2299): message :         [
C:\Program Files (x86)\Microsoft Visual Studio\2019\Community\VC\Tools\MSVC\14.21.27702\include\xstring(2299): message :             _Iter=wchar_t *
C:\Program Files (x86)\Microsoft Visual Studio\2019\Community\VC\Tools\MSVC\14.21.27702\include\xstring(2299): message :         ]
C:\Program Files (x86)\Microsoft Visual Studio\2019\Community\VC\Tools\MSVC\14.21.27702\include\xstring(2299): message :  see reference to function template instantiation 'void std::basic_string<char,std::char_traits<char>,std::allocator<char>>::_Construct<wchar_t*>(const _Iter,const _Iter,std::forward_iterator_tag)' being compiled
C:\Program Files (x86)\Microsoft Visual Studio\2019\Community\VC\Tools\MSVC\14.21.27702\include\xstring(2299): message :         with
C:\Program Files (x86)\Microsoft Visual Studio\2019\Community\VC\Tools\MSVC\14.21.27702\include\xstring(2299): message :         [
C:\Program Files (x86)\Microsoft Visual Studio\2019\Community\VC\Tools\MSVC\14.21.27702\include\xstring(2299): message :             _Iter=wchar_t *
C:\Program Files (x86)\Microsoft Visual Studio\2019\Community\VC\Tools\MSVC\14.21.27702\include\xstring(2299): message :         ]
C:\Users\User\source\repos\TetrisC-\Tetris\Multiplayer.cpp(307): message :  see reference to function template instantiation 'std::basic_string<char,std::char_traits<char>,std::allocator<char>>::basic_string<std::_String_iterator<std::_String_val<std::_Simple_types<_Elem>>>,void>(_Iter,_Iter,const _Alloc &)' being compiled
C:\Users\User\source\repos\TetrisC-\Tetris\Multiplayer.cpp(307): message :         with
C:\Users\User\source\repos\TetrisC-\Tetris\Multiplayer.cpp(307): message :         [
C:\Users\User\source\repos\TetrisC-\Tetris\Multiplayer.cpp(307): message :             _Elem=wchar_t,
C:\Users\User\source\repos\TetrisC-\Tetris\Multiplayer.cpp(307): message :             _Iter=std::_String_iterator<std::_String_val<std::_Simple_types<wchar_t>>>,
C:\Users\User\source\repos\TetrisC-\Tetris\Multiplayer.cpp(307): message :             _Alloc=std::allocator<char>
C:\Users\User\source\repos\TetrisC-\Tetris\Multiplayer.cpp(307): message :         ]
C:\Users\User\source\repos\TetrisC-\Tetris\Multiplayer.cpp(307): message :  see reference to function template instantiation 'std::basic_string<char,std::char_traits<char>,std::allocator<char>>::basic_string<std::_String_iterator<std::_String_val<std::_Simple_types<_Elem>>>,void>(_Iter,_Iter,const _Alloc &)' being compiled
C:\Users\User\source\repos\TetrisC-\Tetris\Multiplayer.cpp(307): message :         with
C:\Users\User\source\repos\TetrisC-\Tetris\Multiplayer.cpp(307): message :         [
C:\Users\User\source\repos\TetrisC-\Tetris\Multiplayer.cpp(307): message :             _Elem=wchar_t,
C:\Users\User\source\repos\TetrisC-\Tetris\Multiplayer.cpp(307): message :             _Iter=std::_String_iterator<std::_String_val<std::_Simple_types<wchar_t>>>,
C:\Users\User\source\repos\TetrisC-\Tetris\Multiplayer.cpp(307): message :             _Alloc=std::allocator<char>
C:\Users\User\source\repos\TetrisC-\Tetris\Multiplayer.cpp(307): message :         ]
C:\Program Files (x86)\Microsoft Visual Studio\2019\Community\VC\Tools\MSVC\14.21.27702\include\chrono(595): message :  see reference to class template instantiation 'std::chrono::duration<double,std::ratio<1,1>>' being compiled
C:\Program Files (x86)\Microsoft Visual Studio\2019\Community\VC\Tools\MSVC\14.21.27702\include\chrono(172): message :  see reference to class template instantiation 'std::chrono::duration<__int64,std::nano>' being compiled
  PlayerStats.cpp
C:\Program Files (x86)\Microsoft Visual Studio\2019\Community\VC\Tools\MSVC\14.21.27702\include\chrono(574): message :  see reference to class template instantiation 'std::chrono::time_point<std::chrono::steady_clock,std::chrono::steady_clock::duration>' being compiled
  Tetris.cpp
C:\Users\User\source\repos\TetrisC-\Tetris\PlayerStats.h(28,13): warning C4244:  'argument': conversion from 'time_t' to 'unsigned int', possible loss of data
C:\Users\User\source\repos\TetrisC-\Tetris\PlayerStats.h(28,13): warning C4244:  'argument': conversion from 'time_t' to 'unsigned int', possible loss of data
C:\Users\User\source\repos\TetrisC-\Tetris\Tree.h(65,1): warning C4267:  '=': conversion from 'size_t' to 'int', possible loss of data
C:\Users\User\source\repos\TetrisC-\Tetris\Leaderboards.h(20,1): warning C4267:  'initializing': conversion from 'size_t' to 'int', possible loss of data
C:\Users\User\source\repos\TetrisC-\Tetris\Leaderboards.h(80,1): warning C4267:  'initializing': conversion from 'size_t' to 'int', possible loss of data
C:\Users\User\source\repos\TetrisC-\Tetris\Leaderboards.h(128,1): error C4996:  'fopen': This function or variable may be unsafe. Consider using fopen_s instead. To disable deprecation, use _CRT_SECURE_NO_WARNINGS. See online help for details.
C:\Program Files (x86)\Windows Kits\10\Include\10.0.17763.0\ucrt\stdio.h(208): message :  see declaration of 'fopen'
C:\Users\User\source\repos\TetrisC-\Tetris\Leaderboards.h(173,1): warning C4267:  'argument': conversion from 'size_t' to 'int', possible loss of data
C:\Users\User\source\repos\TetrisC-\Tetris\Leaderboards.h(150,1): error C4996:  'fopen': This function or variable may be unsafe. Consider using fopen_s instead. To disable deprecation, use _CRT_SECURE_NO_WARNINGS. See online help for details.
C:\Program Files (x86)\Windows Kits\10\Include\10.0.17763.0\ucrt\stdio.h(208): message :  see declaration of 'fopen'
C:\Users\User\source\repos\TetrisC-\Tetris\DisplayHelper.h(239,13): warning C4244:  'argument': conversion from 'time_t' to 'unsigned int', possible loss of data
C:\Users\User\source\repos\TetrisC-\Tetris\Tetris.cpp(37,44): error C4996:  'getenv': This function or variable may be unsafe. Consider using _dupenv_s instead. To disable deprecation, use _CRT_SECURE_NO_WARNINGS. See online help for details.
C:\Program Files (x86)\Windows Kits\10\Include\10.0.17763.0\ucrt\stdlib.h(1191): message :  see declaration of 'getenv'
C:\Users\User\source\repos\TetrisC-\Tetris\Tetris.cpp(43,1): error C4996:  'fopen': This function or variable may be unsafe. Consider using fopen_s instead. To disable deprecation, use _CRT_SECURE_NO_WARNINGS. See online help for details.
C:\Program Files (x86)\Windows Kits\10\Include\10.0.17763.0\ucrt\stdio.h(208): message :  see declaration of 'fopen'
C:\Users\User\source\repos\TetrisC-\Tetris\Tetris.cpp(50,1): error C4996:  'fopen': This function or variable may be unsafe. Consider using fopen_s instead. To disable deprecation, use _CRT_SECURE_NO_WARNINGS. See online help for details.
C:\Program Files (x86)\Windows Kits\10\Include\10.0.17763.0\ucrt\stdio.h(208): message :  see declaration of 'fopen'
C:\Users\User\source\repos\TetrisC-\Tetris\Tetris.cpp(258,1): error C4996:  'fopen': This function or variable may be unsafe. Consider using fopen_s instead. To disable deprecation, use _CRT_SECURE_NO_WARNINGS. See online help for details.
  Generating Code...
C:\Program Files (x86)\Windows Kits\10\Include\10.0.17763.0\ucrt\stdio.h(208): message :  see declaration of 'fopen'
